<?xml version="1.0" encoding="UTF-8"?>
<!-- Generated by org.testng.reporters.JUnitXMLReporter -->
<testsuite ignored="1" hostname="DESKTOP-H5DN0KV" failures="0" tests="1" name="Error Validations Test" time="3.769" errors="0" timestamp="2024-08-17T02:02:08 IST">
  <testcase classname="Framework.tests.ErrorValidationsTest" name="loginErrorValidation" time="0.521"/>
  <testcase classname="Framework.tests.ErrorValidationsTest" name="productErrorValidation" time="0.0">
    <ignored/>
  </testcase> <!-- productErrorValidation -->
</testsuite> <!-- Error Validations Test -->
